<?xml version="1.0" encoding="UTF-8"?>
<testsuite xmlns:xsi="http://www.w3.org/2001/XMLSchema-instance" xsi:noNamespaceSchemaLocation="https://maven.apache.org/surefire/maven-surefire-plugin/xsd/surefire-test-report-3.0.xsd" version="3.0" name="TestSuite" time="178.462" tests="7" errors="0" skipped="0" failures="0">
  <properties>
    <property name="sun.desktop" value="windows"/>
    <property name="awt.toolkit" value="sun.awt.windows.WToolkit"/>
    <property name="file.encoding.pkg" value="sun.io"/>
    <property name="java.specification.version" value="1.8"/>
    <property name="sun.cpu.isalist" value="amd64"/>
    <property name="sun.jnu.encoding" value="Cp1252"/>
    <property name="java.class.path" value="C:\Automation Project\New folder (3)\Datacom_UI_Docker\target\test-classes;C:\Automation Project\New folder (3)\Datacom_UI_Docker\target\classes;C:\Users\sagar.daga.NLPULTP283258\.m2\repository\org\seleniumhq\selenium\selenium-java\3.141.59\selenium-java-3.141.59.jar;C:\Users\sagar.daga.NLPULTP283258\.m2\repository\org\seleniumhq\selenium\selenium-api\3.141.59\selenium-api-3.141.59.jar;C:\Users\sagar.daga.NLPULTP283258\.m2\repository\org\seleniumhq\selenium\selenium-chrome-driver\3.141.59\selenium-chrome-driver-3.141.59.jar;C:\Users\sagar.daga.NLPULTP283258\.m2\repository\org\seleniumhq\selenium\selenium-edge-driver\3.141.59\selenium-edge-driver-3.141.59.jar;C:\Users\sagar.daga.NLPULTP283258\.m2\repository\org\seleniumhq\selenium\selenium-firefox-driver\3.141.59\selenium-firefox-driver-3.141.59.jar;C:\Users\sagar.daga.NLPULTP283258\.m2\repository\org\seleniumhq\selenium\selenium-ie-driver\3.141.59\selenium-ie-driver-3.141.59.jar;C:\Users\sagar.daga.NLPULTP283258\.m2\repository\org\seleniumhq\selenium\selenium-opera-driver\3.141.59\selenium-opera-driver-3.141.59.jar;C:\Users\sagar.daga.NLPULTP283258\.m2\repository\org\seleniumhq\selenium\selenium-remote-driver\3.141.59\selenium-remote-driver-3.141.59.jar;C:\Users\sagar.daga.NLPULTP283258\.m2\repository\org\seleniumhq\selenium\selenium-safari-driver\3.141.59\selenium-safari-driver-3.141.59.jar;C:\Users\sagar.daga.NLPULTP283258\.m2\repository\org\seleniumhq\selenium\selenium-support\3.141.59\selenium-support-3.141.59.jar;C:\Users\sagar.daga.NLPULTP283258\.m2\repository\net\bytebuddy\byte-buddy\1.8.15\byte-buddy-1.8.15.jar;C:\Users\sagar.daga.NLPULTP283258\.m2\repository\org\apache\commons\commons-exec\1.3\commons-exec-1.3.jar;C:\Users\sagar.daga.NLPULTP283258\.m2\repository\com\google\guava\guava\25.0-jre\guava-25.0-jre.jar;C:\Users\sagar.daga.NLPULTP283258\.m2\repository\com\google\code\findbugs\jsr305\1.3.9\jsr305-1.3.9.jar;C:\Users\sagar.daga.NLPULTP283258\.m2\repository\org\checkerframework\checker-compat-qual\2.0.0\checker-compat-qual-2.0.0.jar;C:\Users\sagar.daga.NLPULTP283258\.m2\repository\com\google\errorprone\error_prone_annotations\2.1.3\error_prone_annotations-2.1.3.jar;C:\Users\sagar.daga.NLPULTP283258\.m2\repository\com\google\j2objc\j2objc-annotations\1.1\j2objc-annotations-1.1.jar;C:\Users\sagar.daga.NLPULTP283258\.m2\repository\org\codehaus\mojo\animal-sniffer-annotations\1.14\animal-sniffer-annotations-1.14.jar;C:\Users\sagar.daga.NLPULTP283258\.m2\repository\com\squareup\okhttp3\okhttp\3.11.0\okhttp-3.11.0.jar;C:\Users\sagar.daga.NLPULTP283258\.m2\repository\com\squareup\okio\okio\1.14.0\okio-1.14.0.jar;C:\Users\sagar.daga.NLPULTP283258\.m2\repository\io\cucumber\cucumber-java\6.11.0\cucumber-java-6.11.0.jar;C:\Users\sagar.daga.NLPULTP283258\.m2\repository\io\cucumber\cucumber-core\6.11.0\cucumber-core-6.11.0.jar;C:\Users\sagar.daga.NLPULTP283258\.m2\repository\io\cucumber\cucumber-gherkin\6.11.0\cucumber-gherkin-6.11.0.jar;C:\Users\sagar.daga.NLPULTP283258\.m2\repository\io\cucumber\cucumber-gherkin-messages\6.11.0\cucumber-gherkin-messages-6.11.0.jar;C:\Users\sagar.daga.NLPULTP283258\.m2\repository\io\cucumber\messages\15.0.0\messages-15.0.0.jar;C:\Users\sagar.daga.NLPULTP283258\.m2\repository\io\cucumber\tag-expressions\3.0.1\tag-expressions-3.0.1.jar;C:\Users\sagar.daga.NLPULTP283258\.m2\repository\io\cucumber\cucumber-expressions\10.3.0\cucumber-expressions-10.3.0.jar;C:\Users\sagar.daga.NLPULTP283258\.m2\repository\io\cucumber\datatable\3.5.0\datatable-3.5.0.jar;C:\Users\sagar.daga.NLPULTP283258\.m2\repository\io\cucumber\cucumber-plugin\6.11.0\cucumber-plugin-6.11.0.jar;C:\Users\sagar.daga.NLPULTP283258\.m2\repository\io\cucumber\docstring\6.11.0\docstring-6.11.0.jar;C:\Users\sagar.daga.NLPULTP283258\.m2\repository\io\cucumber\html-formatter\13.0.0\html-formatter-13.0.0.jar;C:\Users\sagar.daga.NLPULTP283258\.m2\repository\io\cucumber\create-meta\4.0.0\create-meta-4.0.0.jar;C:\Users\sagar.daga.NLPULTP283258\.m2\repository\org\apiguardian\apiguardian-api\1.1.2\apiguardian-api-1.1.2.jar;C:\Users\sagar.daga.NLPULTP283258\.m2\repository\io\cucumber\cucumber-junit\6.11.0\cucumber-junit-6.11.0.jar;C:\Users\sagar.daga.NLPULTP283258\.m2\repository\junit\junit\4.13.2\junit-4.13.2.jar;C:\Users\sagar.daga.NLPULTP283258\.m2\repository\org\hamcrest\hamcrest-core\1.3\hamcrest-core-1.3.jar;C:\Users\sagar.daga.NLPULTP283258\.m2\repository\org\testng\testng\6.14.3\testng-6.14.3.jar;C:\Users\sagar.daga.NLPULTP283258\.m2\repository\com\beust\jcommander\1.72\jcommander-1.72.jar;C:\Users\sagar.daga.NLPULTP283258\.m2\repository\org\apache-extras\beanshell\bsh\2.0b6\bsh-2.0b6.jar;C:\Users\sagar.daga.NLPULTP283258\.m2\repository\io\cucumber\cucumber-testng\6.11.0\cucumber-testng-6.11.0.jar;"/>
    <property name="java.vm.vendor" value="Oracle Corporation"/>
    <property name="sun.arch.data.model" value="64"/>
    <property name="user.variant" value=""/>
    <property name="java.vendor.url" value="http://java.oracle.com/"/>
    <property name="user.timezone" value="Africa/Harare"/>
    <property name="java.vm.specification.version" value="1.8"/>
    <property name="os.name" value="Windows 10"/>
    <property name="user.country" value="IN"/>
    <property name="sun.java.launcher" value="SUN_STANDARD"/>
    <property name="sun.boot.library.path" value="C:\Program Files\Java\jdk1.8.0_161\jre\bin"/>
    <property name="sun.java.command" value="C:\Users\sagar.daga.NLPULTP283258\AppData\Local\Temp\surefire5198880422806229755\surefirebooter5339173473864425574.jar C:\Users\sagar.daga.NLPULTP283258\AppData\Local\Temp\surefire5198880422806229755 2022-07-07T12-31-45_969-jvmRun1 surefire838666686815546254tmp surefire_0795800728143000236tmp"/>
    <property name="surefire.test.class.path" value="C:\Automation Project\New folder (3)\Datacom_UI_Docker\target\test-classes;C:\Automation Project\New folder (3)\Datacom_UI_Docker\target\classes;C:\Users\sagar.daga.NLPULTP283258\.m2\repository\org\seleniumhq\selenium\selenium-java\3.141.59\selenium-java-3.141.59.jar;C:\Users\sagar.daga.NLPULTP283258\.m2\repository\org\seleniumhq\selenium\selenium-api\3.141.59\selenium-api-3.141.59.jar;C:\Users\sagar.daga.NLPULTP283258\.m2\repository\org\seleniumhq\selenium\selenium-chrome-driver\3.141.59\selenium-chrome-driver-3.141.59.jar;C:\Users\sagar.daga.NLPULTP283258\.m2\repository\org\seleniumhq\selenium\selenium-edge-driver\3.141.59\selenium-edge-driver-3.141.59.jar;C:\Users\sagar.daga.NLPULTP283258\.m2\repository\org\seleniumhq\selenium\selenium-firefox-driver\3.141.59\selenium-firefox-driver-3.141.59.jar;C:\Users\sagar.daga.NLPULTP283258\.m2\repository\org\seleniumhq\selenium\selenium-ie-driver\3.141.59\selenium-ie-driver-3.141.59.jar;C:\Users\sagar.daga.NLPULTP283258\.m2\repository\org\seleniumhq\selenium\selenium-opera-driver\3.141.59\selenium-opera-driver-3.141.59.jar;C:\Users\sagar.daga.NLPULTP283258\.m2\repository\org\seleniumhq\selenium\selenium-remote-driver\3.141.59\selenium-remote-driver-3.141.59.jar;C:\Users\sagar.daga.NLPULTP283258\.m2\repository\org\seleniumhq\selenium\selenium-safari-driver\3.141.59\selenium-safari-driver-3.141.59.jar;C:\Users\sagar.daga.NLPULTP283258\.m2\repository\org\seleniumhq\selenium\selenium-support\3.141.59\selenium-support-3.141.59.jar;C:\Users\sagar.daga.NLPULTP283258\.m2\repository\net\bytebuddy\byte-buddy\1.8.15\byte-buddy-1.8.15.jar;C:\Users\sagar.daga.NLPULTP283258\.m2\repository\org\apache\commons\commons-exec\1.3\commons-exec-1.3.jar;C:\Users\sagar.daga.NLPULTP283258\.m2\repository\com\google\guava\guava\25.0-jre\guava-25.0-jre.jar;C:\Users\sagar.daga.NLPULTP283258\.m2\repository\com\google\code\findbugs\jsr305\1.3.9\jsr305-1.3.9.jar;C:\Users\sagar.daga.NLPULTP283258\.m2\repository\org\checkerframework\checker-compat-qual\2.0.0\checker-compat-qual-2.0.0.jar;C:\Users\sagar.daga.NLPULTP283258\.m2\repository\com\google\errorprone\error_prone_annotations\2.1.3\error_prone_annotations-2.1.3.jar;C:\Users\sagar.daga.NLPULTP283258\.m2\repository\com\google\j2objc\j2objc-annotations\1.1\j2objc-annotations-1.1.jar;C:\Users\sagar.daga.NLPULTP283258\.m2\repository\org\codehaus\mojo\animal-sniffer-annotations\1.14\animal-sniffer-annotations-1.14.jar;C:\Users\sagar.daga.NLPULTP283258\.m2\repository\com\squareup\okhttp3\okhttp\3.11.0\okhttp-3.11.0.jar;C:\Users\sagar.daga.NLPULTP283258\.m2\repository\com\squareup\okio\okio\1.14.0\okio-1.14.0.jar;C:\Users\sagar.daga.NLPULTP283258\.m2\repository\io\cucumber\cucumber-java\6.11.0\cucumber-java-6.11.0.jar;C:\Users\sagar.daga.NLPULTP283258\.m2\repository\io\cucumber\cucumber-core\6.11.0\cucumber-core-6.11.0.jar;C:\Users\sagar.daga.NLPULTP283258\.m2\repository\io\cucumber\cucumber-gherkin\6.11.0\cucumber-gherkin-6.11.0.jar;C:\Users\sagar.daga.NLPULTP283258\.m2\repository\io\cucumber\cucumber-gherkin-messages\6.11.0\cucumber-gherkin-messages-6.11.0.jar;C:\Users\sagar.daga.NLPULTP283258\.m2\repository\io\cucumber\messages\15.0.0\messages-15.0.0.jar;C:\Users\sagar.daga.NLPULTP283258\.m2\repository\io\cucumber\tag-expressions\3.0.1\tag-expressions-3.0.1.jar;C:\Users\sagar.daga.NLPULTP283258\.m2\repository\io\cucumber\cucumber-expressions\10.3.0\cucumber-expressions-10.3.0.jar;C:\Users\sagar.daga.NLPULTP283258\.m2\repository\io\cucumber\datatable\3.5.0\datatable-3.5.0.jar;C:\Users\sagar.daga.NLPULTP283258\.m2\repository\io\cucumber\cucumber-plugin\6.11.0\cucumber-plugin-6.11.0.jar;C:\Users\sagar.daga.NLPULTP283258\.m2\repository\io\cucumber\docstring\6.11.0\docstring-6.11.0.jar;C:\Users\sagar.daga.NLPULTP283258\.m2\repository\io\cucumber\html-formatter\13.0.0\html-formatter-13.0.0.jar;C:\Users\sagar.daga.NLPULTP283258\.m2\repository\io\cucumber\create-meta\4.0.0\create-meta-4.0.0.jar;C:\Users\sagar.daga.NLPULTP283258\.m2\repository\org\apiguardian\apiguardian-api\1.1.2\apiguardian-api-1.1.2.jar;C:\Users\sagar.daga.NLPULTP283258\.m2\repository\io\cucumber\cucumber-junit\6.11.0\cucumber-junit-6.11.0.jar;C:\Users\sagar.daga.NLPULTP283258\.m2\repository\junit\junit\4.13.2\junit-4.13.2.jar;C:\Users\sagar.daga.NLPULTP283258\.m2\repository\org\hamcrest\hamcrest-core\1.3\hamcrest-core-1.3.jar;C:\Users\sagar.daga.NLPULTP283258\.m2\repository\org\testng\testng\6.14.3\testng-6.14.3.jar;C:\Users\sagar.daga.NLPULTP283258\.m2\repository\com\beust\jcommander\1.72\jcommander-1.72.jar;C:\Users\sagar.daga.NLPULTP283258\.m2\repository\org\apache-extras\beanshell\bsh\2.0b6\bsh-2.0b6.jar;C:\Users\sagar.daga.NLPULTP283258\.m2\repository\io\cucumber\cucumber-testng\6.11.0\cucumber-testng-6.11.0.jar;"/>
    <property name="sun.cpu.endian" value="little"/>
    <property name="user.home" value="C:\Users\sagar.daga.NLPULTP283258"/>
    <property name="user.language" value="en"/>
    <property name="java.specification.vendor" value="Oracle Corporation"/>
    <property name="java.home" value="C:\Program Files\Java\jdk1.8.0_161\jre"/>
    <property name="basedir" value="C:\Automation Project\New folder (3)\Datacom_UI_Docker"/>
    <property name="file.separator" value="\"/>
    <property name="line.separator" value="&#10;"/>
    <property name="java.vm.specification.vendor" value="Oracle Corporation"/>
    <property name="java.specification.name" value="Java Platform API Specification"/>
    <property name="java.awt.graphicsenv" value="sun.awt.Win32GraphicsEnvironment"/>
    <property name="surefire.real.class.path" value="C:\Users\sagar.daga.NLPULTP283258\AppData\Local\Temp\surefire5198880422806229755\surefirebooter5339173473864425574.jar"/>
    <property name="sun.boot.class.path" value="C:\Program Files\Java\jdk1.8.0_161\jre\lib\resources.jar;C:\Program Files\Java\jdk1.8.0_161\jre\lib\rt.jar;C:\Program Files\Java\jdk1.8.0_161\jre\lib\sunrsasign.jar;C:\Program Files\Java\jdk1.8.0_161\jre\lib\jsse.jar;C:\Program Files\Java\jdk1.8.0_161\jre\lib\jce.jar;C:\Program Files\Java\jdk1.8.0_161\jre\lib\charsets.jar;C:\Program Files\Java\jdk1.8.0_161\jre\lib\jfr.jar;C:\Program Files\Java\jdk1.8.0_161\jre\classes"/>
    <property name="user.script" value=""/>
    <property name="sun.management.compiler" value="HotSpot 64-Bit Tiered Compilers"/>
    <property name="java.runtime.version" value="1.8.0_161-b12"/>
    <property name="user.name" value="sagar.daga"/>
    <property name="path.separator" value=";"/>
    <property name="os.version" value="10.0"/>
    <property name="java.endorsed.dirs" value="C:\Program Files\Java\jdk1.8.0_161\jre\lib\endorsed"/>
    <property name="java.runtime.name" value="Java(TM) SE Runtime Environment"/>
    <property name="file.encoding" value="Cp1252"/>
    <property name="java.vm.name" value="Java HotSpot(TM) 64-Bit Server VM"/>
    <property name="localRepository" value="C:\Users\sagar.daga.NLPULTP283258\.m2\repository"/>
    <property name="java.vendor.url.bug" value="http://bugreport.sun.com/bugreport/"/>
    <property name="java.io.tmpdir" value="C:\Users\SAGARD~1.NLP\AppData\Local\Temp\"/>
    <property name="idea.version" value="2022.1.2"/>
    <property name="java.version" value="1.8.0_161"/>
    <property name="user.dir" value="C:\Automation Project\New folder (3)\Datacom_UI_Docker"/>
    <property name="os.arch" value="amd64"/>
    <property name="java.vm.specification.name" value="Java Virtual Machine Specification"/>
    <property name="java.awt.printerjob" value="sun.awt.windows.WPrinterJob"/>
    <property name="sun.os.patch.level" value=""/>
    <property name="java.library.path" value="C:\Program Files\Java\jdk1.8.0_161\jre\bin;C:\WINDOWS\Sun\Java\bin;C:\WINDOWS\system32;C:\WINDOWS;C:\Program Files (x86)\Common Files\Oracle\Java\javapath;C:\ProgramData\Oracle\Java\javapath;C:\Program Files\Microsoft MPI\Bin\;C:\WINDOWS\system32;C:\WINDOWS;C:\WINDOWS\System32\Wbem;C:\WINDOWS\System32\WindowsPowerShell\v1.0\;C:\Program Files (x86)\Skype\Phone\;C:\Program Files\TortoiseGit\bin;C:\Program Files\Microsoft SQL Server\130\Tools\Binn\;C:\Program Files\dotnet\;C:\Program Files\Microsoft VS Code\bin;C:\Program Files\nodejs\;C:\Program Files (x86)\Attachmate\EXTRA!\;C:\Program Files\Apache\apache-maven-3.6.0\bin;C:\Program Files\Gradle\gradle-4.10.2\bin;C:\Program Files\Java\jdk1.8.0_161\bin;C:\WINDOWS\System32\OpenSSH\;C:\Program Files\Git\cmd;C:\Program Files\Docker\Docker\resources\bin;C:\ProgramData\DockerDesktop\version-bin;C:\Users\sagar.daga.NLPULTP283258\AppData\Local\Microsoft\WindowsApps;."/>
    <property name="java.vm.info" value="mixed mode"/>
    <property name="java.vendor" value="Oracle Corporation"/>
    <property name="java.vm.version" value="25.161-b12"/>
    <property name="java.ext.dirs" value="C:\Program Files\Java\jdk1.8.0_161\jre\lib\ext;C:\WINDOWS\Sun\Java\lib\ext"/>
    <property name="sun.io.unicode.encoding" value="UnicodeLittle"/>
    <property name="java.class.version" value="52.0"/>
  </properties>
  <testcase name="runScenario[&quot;Verify that the user can navigate to the Payees page&quot;, &quot;Optional[Verify Payee options]&quot;](1)" classname="parallel.TestRunner" time="41.865">
    <system-out><![CDATA[
@VerifyPayments
Scenario Outline: Navigate and verify the payments page                                              # src/test/java/parallel/Payments.feature:17

@VerifyPayments
Scenario Outline: Navigate and verify the payments page                                              # src/test/java/parallel/Payments.feature:15

@VerifyPayeePage
Scenario Outline: Verify that the user can navigate to the Payees page                             # src/test/java/parallel/Payee.feature:11

@PayeeNameSorting
Scenario Outline: Verify that the payee names can be sorted by name                                  # src/test/java/parallel/Payee.feature:53

@AddPayee
Scenario Outline: Verify that a new payee can be added on the Payees page                            # src/test/java/parallel/Payee.feature:24

@VerifyPayments
Scenario Outline: Navigate and verify the payments page                                            # src/test/java/parallel/Payments.feature:16

@PayeePageValidations
Scenario Outline: Verify that the payee name is a mandatory field                                    # src/test/java/parallel/Payee.feature:38
##Test execution started on opera##
##Test execution started on opera##
##Test execution started on firefox##
##Test execution started on firefox##
##Test execution started on firefox##
##Test execution started on firefox##
##Test execution started on firefox##
The title of the page is : Internet Banking
The title of the page is : Internet Banking
  Given User launches the demo application website "https://www.demo.bnz.co.nz/client/" on "firefox" # parallel.StepDefinitions.userLaunchesTheDemoWebsite(java.lang.String,java.lang.String)
  Given User launches the demo application website "https://www.demo.bnz.co.nz/client/" on "opera" # parallel.StepDefinitions.userLaunchesTheDemoWebsite(java.lang.String,java.lang.String)
  And User clicks on Menu                                                                          # parallel.StepDefinitions.userClickOnMenu()
  When User clicks on Payees option                                                                # parallel.StepDefinitions.userClicksOnPayeesOption()
Payee page is displayed successfully
  Then Payees page is loaded successfully                                                          # parallel.StepDefinitions.payeesPageIsLoadedSuccessfully()
]]></system-out>
    <system-err><![CDATA[Jul 07, 2022 12:32:13 PM org.openqa.selenium.remote.ProtocolHandshake createSession
INFO: Detected dialect: OSS
Jul 07, 2022 12:32:15 PM org.openqa.selenium.remote.ProtocolHandshake createSession
INFO: Detected dialect: W3C
]]></system-err>
  </testcase>
  <testcase name="runScenario[&quot;Navigate and verify the payments page&quot;, &quot;Optional[Verify the payment functionality]&quot;](2)" classname="parallel.TestRunner" time="60.326">
    <system-out><![CDATA[  When Navigates to the payments page                                                                # parallel.StepDefinitions.navigatestopaymentspage()
The title of the page is : Internet Banking
  And User clicks on the from Everyday account to Bills account                                      # parallel.StepDefinitions.userClicksOnTheFromEverydayAccountToBillsAccount()
  And Transfer amount "500"                                                                          # parallel.StepDefinitions.transferAmount(java.lang.String)
  Given User launches the demo application website "https://www.demo.bnz.co.nz/client/" on "opera" # parallel.StepDefinitions.userLaunchesTheDemoWebsite(java.lang.String,java.lang.String)
  And Clicks on the Pay or Transfer button                                                           # parallel.StepDefinitions.clicksOnThePayOrTransferButton()
Payment was done successfully
  Then Payment is successful                                                                         # parallel.StepDefinitions.paymentIsSuccessful()
  And Everyday account balance reduces by "500"                                                      # parallel.StepDefinitions.everydayAccountBalanceReducesBy(java.lang.String)
  And Bill account balance increases by "500"                                                        # parallel.StepDefinitions.billAccountBalanceIncreasesBy(java.lang.String)
  When Navigates to the payments page                                                              # parallel.StepDefinitions.navigatestopaymentspage()
]]></system-out>
    <system-err><![CDATA[Jul 07, 2022 12:32:36 PM org.openqa.selenium.remote.ProtocolHandshake createSession
INFO: Detected dialect: OSS
]]></system-err>
  </testcase>
  <testcase name="runScenario[&quot;Navigate and verify the payments page&quot;, &quot;Optional[Verify the payment functionality]&quot;](3)" classname="parallel.TestRunner" time="75.973">
    <system-out><![CDATA[The title of the page is : Internet Banking
  And User clicks on the from Everyday account to Bills account                                    # parallel.StepDefinitions.userClicksOnTheFromEverydayAccountToBillsAccount()
  And Transfer amount "500"                                                                        # parallel.StepDefinitions.transferAmount(java.lang.String)
  And Clicks on the Pay or Transfer button                                                         # parallel.StepDefinitions.clicksOnThePayOrTransferButton()
Payment was done successfully
  Then Payment is successful                                                                       # parallel.StepDefinitions.paymentIsSuccessful()
  And Everyday account balance reduces by "500"                                                    # parallel.StepDefinitions.everydayAccountBalanceReducesBy(java.lang.String)
  And Bill account balance increases by "500"                                                      # parallel.StepDefinitions.billAccountBalanceIncreasesBy(java.lang.String)
]]></system-out>
    <system-err><![CDATA[Jul 07, 2022 12:32:57 PM org.openqa.selenium.remote.ProtocolHandshake createSession
INFO: Detected dialect: W3C
]]></system-err>
  </testcase>
  <testcase name="runScenario[&quot;Verify that the payee name is a mandatory field&quot;, &quot;Optional[Verify Payee options]&quot;](4)" classname="parallel.TestRunner" time="86.946">
    <system-out><![CDATA[  Given User launches the demo application website "https://www.demo.bnz.co.nz/client/" on "firefox" # parallel.StepDefinitions.userLaunchesTheDemoWebsite(java.lang.String,java.lang.String)
  And Navigates to the payee page                                                                    # parallel.StepDefinitions.navigatesToThePayeePage()
  And User clicks on the add button                                                                  # parallel.StepDefinitions.userClicksOnTheAddButton()
  When Clicks on the add button                                                                      # parallel.StepDefinitions.clicksOnTheAddButton()
Validation error for the mandatory field was successfully displayed
  Then Validation error gets displayed for the mandatory payee name field                            # parallel.StepDefinitions.validationErrorGetsDisplayedForTheMandatoryPayeeNameField()
  When Enters the payee details with name "Dell NZ" and account number "01""0002""0190234""10"       # parallel.StepDefinitions.entersThePayeeDetailsWithNameAndAccountNumber(java.lang.String,java.lang.String,java.lang.String,java.lang.String,java.lang.String)
  And Clicks on the add button                                                                       # parallel.StepDefinitions.clicksOnTheAddButton()
  Then Payee added message "Payee added" gets displayed                                              # parallel.StepDefinitions.payeeAddedMessageGetsDisplayed(java.lang.String)
]]></system-out>
  </testcase>
  <testcase name="runScenario[&quot;Navigate and verify the payments page&quot;, &quot;Optional[Verify the payment functionality]&quot;](5)" classname="parallel.TestRunner" time="123.871">
    <system-out><![CDATA[The title of the page is : Internet Banking
  Given User launches the demo application website "https://www.demo.bnz.co.nz/client/" on "firefox" # parallel.StepDefinitions.userLaunchesTheDemoWebsite(java.lang.String,java.lang.String)
  When Navigates to the payments page                                                                # parallel.StepDefinitions.navigatestopaymentspage()
  And User clicks on the from Everyday account to Bills account                                      # parallel.StepDefinitions.userClicksOnTheFromEverydayAccountToBillsAccount()
  And Transfer amount "500"                                                                          # parallel.StepDefinitions.transferAmount(java.lang.String)
  And Clicks on the Pay or Transfer button                                                           # parallel.StepDefinitions.clicksOnThePayOrTransferButton()
Payment was done successfully
  Then Payment is successful                                                                         # parallel.StepDefinitions.paymentIsSuccessful()
  And Everyday account balance reduces by "500"                                                      # parallel.StepDefinitions.everydayAccountBalanceReducesBy(java.lang.String)
  And Bill account balance increases by "500"                                                        # parallel.StepDefinitions.billAccountBalanceIncreasesBy(java.lang.String)
]]></system-out>
    <system-err><![CDATA[Jul 07, 2022 12:33:24 PM org.openqa.selenium.remote.ProtocolHandshake createSession
INFO: Detected dialect: W3C
]]></system-err>
  </testcase>
  <testcase name="runScenario[&quot;Verify that a new payee can be added on the Payees page&quot;, &quot;Optional[Verify Payee options]&quot;](6)" classname="parallel.TestRunner" time="148.909">
    <system-out><![CDATA[The title of the page is : Internet Banking
  Given User launches the demo application website "https://www.demo.bnz.co.nz/client/" on "firefox" # parallel.StepDefinitions.userLaunchesTheDemoWebsite(java.lang.String,java.lang.String)
  And Navigates to the payee page                                                                    # parallel.StepDefinitions.navigatesToThePayeePage()
  When User clicks on the add button                                                                 # parallel.StepDefinitions.userClicksOnTheAddButton()
  And Enters the payee details with name "Dell NZ" and account number "01""0002""0190234""10"        # parallel.StepDefinitions.entersThePayeeDetailsWithNameAndAccountNumber(java.lang.String,java.lang.String,java.lang.String,java.lang.String,java.lang.String)
  And Clicks on the add button                                                                       # parallel.StepDefinitions.clicksOnTheAddButton()
  Then Payee added message "Payee added" gets displayed                                              # parallel.StepDefinitions.payeeAddedMessageGetsDisplayed(java.lang.String)
Payee was added successfully
  And Payee with "Dell NZ" gets added in the list of payees                                          # parallel.StepDefinitions.payeeGetsAddedInTheListOfPayees(java.lang.String)
]]></system-out>
    <system-err><![CDATA[Jul 07, 2022 12:34:00 PM org.openqa.selenium.remote.ProtocolHandshake createSession
INFO: Detected dialect: W3C
]]></system-err>
  </testcase>
  <testcase name="runScenario[&quot;Verify that the payee names can be sorted by name&quot;, &quot;Optional[Verify Payee options]&quot;](7)" classname="parallel.TestRunner" time="171.167">
    <system-out><![CDATA[The title of the page is : Internet Banking
  Given User launches the demo application website "https://www.demo.bnz.co.nz/client/" on "firefox" # parallel.StepDefinitions.userLaunchesTheDemoWebsite(java.lang.String,java.lang.String)
  And Navigates to the payee page                                                                    # parallel.StepDefinitions.navigatesToThePayeePage()
  When User clicks on the add button                                                                 # parallel.StepDefinitions.userClicksOnTheAddButton()
  And Enters the payee details with name "Dell NZ" and account number "01""0002""0190234""10"        # parallel.StepDefinitions.entersThePayeeDetailsWithNameAndAccountNumber(java.lang.String,java.lang.String,java.lang.String,java.lang.String,java.lang.String)
  And Clicks on the add button                                                                       # parallel.StepDefinitions.clicksOnTheAddButton()
  And Payee added message "Payee added" gets displayed                                               # parallel.StepDefinitions.payeeAddedMessageGetsDisplayed(java.lang.String)
  Then List of added payee names are sorted in the ascending order                                   # parallel.StepDefinitions.listOfAddedPayeeNamesAreSortedInTheAscendingOrder()
  When User clicks on the Name column                                                                # parallel.StepDefinitions.userClicksOnTheNameColumn()
  Then List of added payee names get sorted in the descending order                                  # parallel.StepDefinitions.listOfAddedPayeeNamesGetSortedInTheDescendingOrder()
]]></system-out>
    <system-err><![CDATA[Jul 07, 2022 12:34:25 PM org.openqa.selenium.remote.ProtocolHandshake createSession
INFO: Detected dialect: W3C
]]></system-err>
  </testcase>
</testsuite>