<?xml version="1.0" encoding="UTF-8"?>
<!-- Generated by org.testng.reporters.JUnitReportReporter -->
<testsuite skipped="0" hostname="NLPULTP283258" name="parallel.TestRunner" tests="7" failures="0" timestamp="07 Jul 2022 10:34:47 GMT" time="708.879" errors="0">
  <testcase name="runScenario" time="60.273" classname="parallel.TestRunner"/>
  <testcase name="runScenario" time="148.904" classname="parallel.TestRunner"/>
  <testcase name="runScenario" time="171.151" classname="parallel.TestRunner"/>
  <testcase name="runScenario" time="123.827" classname="parallel.TestRunner"/>
  <testcase name="runScenario" time="41.840" classname="parallel.TestRunner"/>
  <testcase name="runScenario" time="75.962" classname="parallel.TestRunner"/>
  <testcase name="runScenario" time="86.922" classname="parallel.TestRunner"/>
</testsuite> <!-- parallel.TestRunner -->
